<?xml version="1.0" encoding="UTF-8" ?>
<testsuite tests="4" failures="0" name="TestSuite" time="6.257" errors="0" skipped="0">
  <properties>
[...]
</properties>
  <testcase classname="tests.ContactUsTest" name="UserCanUseContactUs" time="1.392"/>
  <testcase classname="tests.ProductHoverMenuTest" name="UserCanSelectSubCategoryFromMainMenu" time="0.678"/>
  <testcase classname="tests.SearchProductTest" name="UserCanSearchForProducts" time="2.553"/>
  <testcase classname="tests.SearchProductUsingAutoSuggestTest" name="UserCanSearchWithAutoSuggest" time="1.634"/>
</testsuite>