<?xml version="1.0" encoding="UTF-8"?>
<testng-results ignored="24" total="28" passed="4" failed="0" skipped="0">
  <reporter-output>
  </reporter-output>
  <suite started-at="2018-05-16T11:38:18Z" name="Command line suite" finished-at="2018-05-16T11:38:25Z" duration-ms="6283">
    <groups>
    </groups>
    <test started-at="2018-05-16T11:38:18Z" name="Command line test" finished-at="2018-05-16T11:38:25Z" duration-ms="6283">
      <class name="tests.SearchProductUsingAutoSuggestTest">
        <test-method signature="UserCanSearchWithAutoSuggest()[pri:0, instance:tests.SearchProductUsingAutoSuggestTest@41fbdac4]" started-at="2018-05-16T11:38:23Z" name="UserCanSearchWithAutoSuggest" finished-at="2018-05-16T11:38:25Z" duration-ms="1633" status="PASS">
          <reporter-output>
          </reporter-output>
        </test-method> <!-- UserCanSearchWithAutoSuggest -->
        <test-method is-config="true" signature="screenshotOnFailure(org.testng.ITestResult)[pri:0, instance:tests.SearchProductUsingAutoSuggestTest@41fbdac4]" started-at="2018-05-16T11:38:25Z" name="screenshotOnFailure" finished-at="2018-05-16T11:38:25Z" duration-ms="0" status="PASS">
          <params>
            <param index="0">
              <value>
                <![CDATA[[TestResult name=UserCanSearchWithAutoSuggest status=SUCCESS method=SearchProductUsingAutoSuggestTest.UserCanSearchWithAutoSuggest()[pri:0, instance:tests.SearchProductUsingAutoSuggestTest@41fbdac4] output={null}]]]>
              </value>
            </param>
          </params>
          <reporter-output>
          </reporter-output>
        </test-method> <!-- screenshotOnFailure -->
      </class> <!-- tests.SearchProductUsingAutoSuggestTest -->
      <class name="tests.ProductHoverMenuTest">
        <test-method signature="UserCanSelectSubCategoryFromMainMenu()[pri:0, instance:tests.ProductHoverMenuTest@3427b02d]" started-at="2018-05-16T11:38:20Z" name="UserCanSelectSubCategoryFromMainMenu" finished-at="2018-05-16T11:38:20Z" duration-ms="679" status="PASS">
          <reporter-output>
          </reporter-output>
        </test-method> <!-- UserCanSelectSubCategoryFromMainMenu -->
        <test-method is-config="true" signature="screenshotOnFailure(org.testng.ITestResult)[pri:0, instance:tests.ProductHoverMenuTest@3427b02d]" started-at="2018-05-16T11:38:20Z" name="screenshotOnFailure" finished-at="2018-05-16T11:38:20Z" duration-ms="1" status="PASS">
          <params>
            <param index="0">
              <value>
                <![CDATA[[TestResult name=UserCanSelectSubCategoryFromMainMenu status=SUCCESS method=ProductHoverMenuTest.UserCanSelectSubCategoryFromMainMenu()[pri:0, instance:tests.ProductHoverMenuTest@3427b02d] output={null}]]]>
              </value>
            </param>
          </params>
          <reporter-output>
          </reporter-output>
        </test-method> <!-- screenshotOnFailure -->
      </class> <!-- tests.ProductHoverMenuTest -->
      <class name="tests.SearchProductTest">
        <test-method signature="UserCanSearchForProducts()[pri:0, instance:tests.SearchProductTest@647e447]" started-at="2018-05-16T11:38:20Z" name="UserCanSearchForProducts" finished-at="2018-05-16T11:38:23Z" duration-ms="2552" status="PASS">
          <reporter-output>
          </reporter-output>
        </test-method> <!-- UserCanSearchForProducts -->
        <test-method is-config="true" signature="screenshotOnFailure(org.testng.ITestResult)[pri:0, instance:tests.SearchProductTest@647e447]" started-at="2018-05-16T11:38:23Z" name="screenshotOnFailure" finished-at="2018-05-16T11:38:23Z" duration-ms="1" status="PASS">
          <params>
            <param index="0">
              <value>
                <![CDATA[[TestResult name=UserCanSearchForProducts status=SUCCESS method=SearchProductTest.UserCanSearchForProducts()[pri:0, instance:tests.SearchProductTest@647e447] output={null}]]]>
              </value>
            </param>
          </params>
          <reporter-output>
          </reporter-output>
        </test-method> <!-- screenshotOnFailure -->
      </class> <!-- tests.SearchProductTest -->
      <class name="tests.ContactUsTest">
        <test-method signature="UserCanUseContactUs()[pri:0, instance:tests.ContactUsTest@3d51f06e]" started-at="2018-05-16T11:38:18Z" name="UserCanUseContactUs" finished-at="2018-05-16T11:38:20Z" duration-ms="1391" status="PASS">
          <reporter-output>
          </reporter-output>
        </test-method> <!-- UserCanUseContactUs -->
        <test-method is-config="true" signature="screenshotOnFailure(org.testng.ITestResult)[pri:0, instance:tests.ContactUsTest@3d51f06e]" started-at="2018-05-16T11:38:20Z" name="screenshotOnFailure" finished-at="2018-05-16T11:38:20Z" duration-ms="1" status="PASS">
          <params>
            <param index="0">
              <value>
                <![CDATA[[TestResult name=UserCanUseContactUs status=SUCCESS method=ContactUsTest.UserCanUseContactUs()[pri:0, instance:tests.ContactUsTest@3d51f06e] output={null}]]]>
              </value>
            </param>
          </params>
          <reporter-output>
          </reporter-output>
        </test-method> <!-- screenshotOnFailure -->
      </class> <!-- tests.ContactUsTest -->
      <class name="tests.AddProductReviewTest">
        <test-method is-config="true" signature="startDriver(java.lang.String)[pri:0, instance:tests.AddProductReviewTest@3daa422a]" started-at="2018-05-16T11:38:16Z" name="startDriver" finished-at="2018-05-16T11:38:18Z" duration-ms="2462" status="PASS">
          <params>
            <param index="0">
              <value>
                <![CDATA[chrome]]>
              </value>
            </param>
          </params>
          <reporter-output>
          </reporter-output>
        </test-method> <!-- startDriver -->
        <test-method is-config="true" signature="stopDriver()[pri:0, instance:tests.AddProductReviewTest@3daa422a]" started-at="2018-05-16T11:38:25Z" name="stopDriver" finished-at="2018-05-16T11:38:25Z" duration-ms="688" status="PASS">
          <reporter-output>
          </reporter-output>
        </test-method> <!-- stopDriver -->
      </class> <!-- tests.AddProductReviewTest -->
    </test> <!-- Command line test -->
  </suite> <!-- Command line suite -->
</testng-results>
